Iteration 0
manual:	  353131.00310815626 [1, 0.3, 0.45] 0.001
manual:	  91715.26533626813 [1, 0.3, 0.45] 0.001
manual:	  475.4884250435284 [1, 0.15, 0.3] 0.001
(2.0, 628.283) 0.48217329618136734
Iteration 1
manual:	  361094.5445649353 [1, 0.3, 0.45] 0.001
manual:	  94042.25340495892 [1, 0.3, 0.45] 0.001
manual:	  273.6859711790787 [1, 0.15, 0.3] 0.001
(2.0, 433.317) 0.4146043125661009
Iteration 2
manual:	  375609.1497577871 [1, 0.3, 0.45] 0.001
manual:	  96335.20839060986 [1, 0.3, 0.45] 0.001
manual:	  578.0124976563718 [1, 0.15, 0.3] 0.001
(2.0, 558.505) 0.505406273255545
Iteration 3
optimum:	  12.481231716566597 [1.17068433 0.1        0.1       ] 0.12
optimum:	  -61.556992669979294 [1.37018347 0.20211511 0.67159962] 0.058
optimum:	  -281.3039378880345 [1.75368527 0.1        0.13458333] 0.001
(2.0, 668.063) 0.7461166296076832
Iteration 4
optimum:          11.179511507948988 [1.17900259 0.1        0.1       ] 0.12
optimum:          -66.08227615652144 [1.39301396 0.20212669 0.67381099] 0.058
optimum:          -301.73732386057094 [1.5910348  0.1        0.13393168] 0.001
(2.0, 666.985) 0.7407139431832864
Iteration 5
optimum:	  10.171236865533245 [1.17036636 0.1        0.1       ] 0.12
optimum:	  -70.65392089317248 [1.41637395 0.20220649 0.67689782] 0.058
optimum:	  -315.17923127634066 [1.45098607 0.1        0.10645406] 0.001
(2.0, 625.295) 0.768698845322549 (Was never used)

# ------------------------------------------------------------------------------------------------
# Re Run
# ------------------------------------------------------------------------------------------------

Iteration 0
manual:	  353131.00310612586 [1, 0.3, 0.45] 0.001
manual:	  91715.26533482886 [1, 0.3, 0.45] 0.001
manual:	  475.4884251440262 [1, 0.15, 0.3] 0.001
(2.0, 628.293) 0.4821732962695887
Iteration 0 (the previous was deleted by mistake hence had to rerun)
manual:   353131.00310815626 [1, 0.3, 0.45] 0.001
manual:   91715.26533626813 [1, 0.3, 0.45] 0.001
manual:   475.4884250435284 [1, 0.15, 0.3] 0.001
(2.0, 628.283) 0.48217329618136734


Iteration 1
manual:	  361094.5445633981 [1, 0.3, 0.45] 0.001
manual:	  94042.25356569438 [1, 0.3, 0.45] 0.001
manual:	  273.6859712628939 [1, 0.15, 0.3] 0.001
(2.0, 433.319) 0.414604312969143
Iteration 2
manual:	  375609.1497542183 [1, 0.3, 0.45] 0.001
manual:	  96335.20867522816 [1, 0.3, 0.45] 0.001
manual:	  578.0124978330366 [1, 0.15, 0.3] 0.001
(2.0, 558.487) 0.5054062560625009
Iteration 3
optimum:	  11.179511507948988 [1.17900252 0.1        0.1       ] 0.12
optimum:	  -66.0822750701404 [1.39301369 0.20212667 0.67381094] 0.058
optimum:	  -301.7373218313443 [1.59105906 0.1        0.13393197] 0.001
(2.0, 667.058) 0.7407143564200804
Iteration 4
optimum:	  14.65908886801904 [1.16907573 0.1        0.10598346] 0.12
optimum:	  -78.35267173393294 [1.45318323 0.20227279 0.68033133] 0.058
optimum:	  7165957.457805292 [2.0398729 0.1       0.1      ] 0.001
(2.0, 615.339) 0.9848016673635465
Iteration 5
optimum:	  16.657737083718345 [1.20913332 0.1        0.1       ] 0.12
optimum:	  -82.99675975336548 [1.47513705 0.2022849  0.68231817] 0.058
optimum:	  6223984.234292256 [3.89647827 0.13894334 0.10001912] 0.001
(2.0, 322.113) 1.2871290341863522
Iteration 6
optimum:	  18.171676277696747 [1.21435516 0.1        0.1       ] 0.12
optimum:	  -85.7476057800909 [1.47525138 0.20157716 0.66728988] 0.058
optimum:	  4815892.595857499 [3.32383264 0.12015903 0.10000024] 0.001
(4.353172600296685, 323.982) 1.3876161507485445
Iteration 7
optimum:	  11.555569023529031 [1.21777336 0.1        0.1       ] 0.12
optimum:	  -89.4446927427699 [1.51246091 0.2017792  0.68058816] 0.058
optimum:	  5974383.654014294 [3.7936812  0.14094991 0.1       ] 0.001
(18.45855463014798, 302.294) 1.098043354360862
Iteration 8
optimum:	  12.125987809495825 [1.21404848 0.1        0.1       ] 0.12
optimum:	  -84.61140981762382 [1.44969952 0.20292473 0.42983847] 0.058
optimum:	  6087531.1652565785 [3.90484612 0.14269008 0.1       ] 0.001
(6.084476207384183, 644.667) 1.1829957043425252

%
Iteration 9 error due to different environment (But suggested to Joyce)
optimum:	  6.979451491649058 [1.16955103 0.1        0.1       ] 0.12
optimum:	  -87.35512282576464 [1.43202464 0.20174409 0.41207744] 0.058
optimum:	  5573940.398235661 [3.27031929 0.12266099 0.1       ] 0.001
(2.0, 238.855) 0.9414736178401263
% error due to different environment
Iteration 9
optimum:	  6.979451491649172 [1.16955105 0.1        0.1       ] 0.12
optimum:	  -87.35512282576437 [1.43202531 0.20174411 0.41207758] 0.058
optimum:	  5573940.348765223 [3.47449527 0.12778461 0.10000006] 0.001
(2.0, 236.795) 0.9823330790786007
Iteration 10
optimum:	  7.318292126965332 [1.17625154 0.1        0.1       ] 0.12
optimum:	  -89.52286262709245 [1.37577929 0.19873214 0.39108801] 0.058
optimum:	  5678764.472257326 [3.25225162 0.12275107 0.1       ] 0.001
(12.236477822235805, 305.937) 0.8744051237532847
Python 3.9.2
/home/ashriva/anaconda3/envs/mlenv2/bin/python
